<?xml version="1.0" encoding="UTF-8"?>
<testng-results skipped="0" failed="0" ignored="0" total="1" passed="1">
  <reporter-output>
  </reporter-output>
  <suite name="Default suite" duration-ms="20418" started-at="2021-05-31T14:20:58Z" finished-at="2021-05-31T14:21:18Z">
    <groups>
    </groups>
    <test name="Default test" duration-ms="20418" started-at="2021-05-31T14:20:58Z" finished-at="2021-05-31T14:21:18Z">
      <class name="Mavengroup.Mavenjava.ExtentReportTest">
        <test-method status="PASS" signature="configuration()[pri:0, instance:Mavengroup.Mavenjava.ExtentReportTest@47c62251]" name="configuration" is-config="true" duration-ms="613" started-at="2021-05-31T19:50:58Z" finished-at="2021-05-31T19:50:58Z">
          <reporter-output>
          </reporter-output>
        </test-method> <!-- configuration -->
        <test-method status="PASS" signature="browserLogin()[pri:0, instance:Mavengroup.Mavenjava.ExtentReportTest@47c62251]" name="browserLogin" duration-ms="19765" started-at="2021-05-31T19:50:58Z" finished-at="2021-05-31T19:51:18Z">
          <reporter-output>
          </reporter-output>
        </test-method> <!-- browserLogin -->
      </class> <!-- Mavengroup.Mavenjava.ExtentReportTest -->
    </test> <!-- Default test -->
  </suite> <!-- Default suite -->
</testng-results>
